01:01:13 [main] INFO  com.revature.Driver - User [id=1, username=Asanchez, password=pass]
01:03:17 [main] INFO  com.revature.Driver - User [id=2, username=AshKetchup, password=pikachu]
01:04:12 [main] INFO  com.revature.Driver - User [id=2, username=AshKetchup, password=pikachu]
01:06:48 [main] INFO  com.revature.Driver - User [id=1, username=Asanchez, password=pass]
01:59:23 [main] INFO  com.revature.Driver - User [id=1, username=Asanchez, password=pass]
02:01:53 [main] INFO  com.revature.Driver - User [id=1, username=Asanchez, password=pass]
02:04:38 [main] INFO  com.revature.Driver - User [id=1, username=Asanchez, password=pass]
02:05:30 [main] INFO  com.revature.Driver - User [id=1, username=Asanchez, password=pass]
10:17:08 [main] INFO  com.revature.services.UserService - User: User [id=8, username=Dwade, password=protect]has been created.
10:17:08 [main] INFO  com.revature.Driver - User [id=8, username=Dwade, password=protect]
10:22:49 [main] ERROR com.revature.Driver - Invalid credentials.
10:24:53 [main] INFO  com.revature.services.UserService - User: User [id=10, username=Shaq, password=Lakers]has been created.
10:24:53 [main] INFO  com.revature.Driver - User [id=10, username=Shaq, password=Lakers]
10:27:31 [main] INFO  com.revature.services.UserService - User: User [id=11, username=LeBron, password=Cavs]has been created.
10:27:31 [main] INFO  com.revature.Driver - User [id=11, username=LeBron, password=Cavs]
10:32:11 [main] INFO  com.revature.services.UserService - User: User [id=12, username=Jesse, password=m3owth]has been created.
10:32:11 [main] INFO  com.revature.Driver - User [id=12, username=Jesse, password=m3owth]
10:51:05 [main] INFO  com.revature.services.UserService - User: User [id=13, username=James, password=Meowth]has been created.
10:53:10 [main] INFO  com.revature.Driver - User [id=1, username=Asanchez, password=pass]
11:02:29 [main] INFO  com.revature.Driver - User [id=1, username=Asanchez, password=pass]
11:07:14 [main] INFO  com.revature.Driver - User [id=1, username=Asanchez, password=pass]
11:10:42 [main] INFO  com.revature.Driver - User [id=1, username=Asanchez, password=pass]
11:13:03 [main] INFO  com.revature.Driver - User [id=1, username=Asanchez, password=pass]
11:19:01 [main] ERROR com.revature.Driver - Invalid credentials.
11:19:16 [main] INFO  com.revature.Driver - User [id=1, username=Asanchez, password=pass]
12:17:51 [main] INFO  com.revature.Driver - User [id=1, username=Asanchez, password=pass]
12:18:47 [main] INFO  com.revature.Driver - User [id=1, username=Asanchez, password=pass]
12:23:30 [main] INFO  com.revature.Driver - User [id=1, username=Asanchez, password=pass]
12:26:05 [main] INFO  com.revature.Driver - User [id=1, username=Asanchez, password=pass]
12:30:14 [main] ERROR com.revature.Driver - Invalid credentials.
12:30:27 [main] INFO  com.revature.Driver - User [id=1, username=Asanchez, password=pass]
12:31:52 [main] INFO  com.revature.Driver - User [id=1, username=Asanchez, password=pass]
12:35:45 [main] INFO  com.revature.Driver - User [id=2, username=AshKetchup, password=pikachu]
12:37:13 [main] INFO  com.revature.Driver - User [id=3, username=R3D, password=snorlax]
12:38:23 [main] INFO  com.revature.Driver - User [id=1, username=Asanchez, password=pass]
12:44:37 [main] INFO  com.revature.Driver - User [id=1, username=Asanchez, password=pass]
12:47:40 [main] INFO  com.revature.Driver - User [id=3, username=R3D, password=snorlax]
12:48:47 [main] INFO  com.revature.Driver - User [id=3, username=R3D, password=snorlax]
12:49:55 [main] INFO  com.revature.Driver - User [id=3, username=R3D, password=snorlax]
18:30:41 [main] ERROR com.revature.Driver - Invalid credentials.
18:31:36 [main] INFO  com.revature.Driver - User [id=4, username=D4wn, password=piss]
18:33:30 [main] INFO  com.revature.Driver - User [id=4, username=D4wn, password=piss]
18:36:55 [main] INFO  com.revature.Driver - User [id=4, username=D4wn, password=piss]
18:39:18 [main] INFO  com.revature.Driver - User [id=4, username=D4wn, password=piss]
20:05:30 [main] INFO  com.revature.Driver - User [id=4, username=D4wn, password=piss]
20:13:22 [main] INFO  com.revature.Driver - User [id=4, username=D4wn, password=piss]
20:21:41 [main] INFO  com.revature.Driver - User [id=4, username=D4wn, password=piss]
20:25:17 [main] INFO  com.revature.Driver - User [id=4, username=D4wn, password=piss]
20:33:21 [main] INFO  com.revature.Driver - User [id=4, username=D4wn, password=piss]
20:35:51 [main] INFO  com.revature.Driver - User [id=4, username=D4wn, password=piss]
20:39:47 [main] INFO  com.revature.Driver - User [id=4, username=D4wn, password=piss]
20:53:02 [main] INFO  com.revature.Driver - User [id=4, username=D4wn, password=piss]
20:55:45 [main] INFO  com.revature.Driver - User [id=4, username=D4wn, password=piss]
20:57:53 [main] INFO  com.revature.Driver - User [id=4, username=D4wn, password=piss]
21:06:20 [main] INFO  com.revature.Driver - User [id=3, username=R3D, password=snorlax]
21:08:56 [main] INFO  com.revature.Driver - User [id=4, username=D4wn, password=piss]
21:18:25 [main] INFO  com.revature.Driver - User [id=3, username=R3D, password=snorlax]
21:25:49 [main] INFO  com.revature.Driver - User [id=6, username=K3V, password=play]
21:27:05 [main] INFO  com.revature.Driver - User [id=8, username=Dwade, password=protect]
21:29:13 [main] INFO  com.revature.Driver - User [id=1, username=Asanchez, password=pass]
21:30:22 [main] INFO  com.revature.Driver - User [id=1, username=Asanchez, password=pass]
21:32:43 [main] INFO  com.revature.Driver - User [id=1, username=Asanchez, password=pass]
21:35:07 [main] ERROR com.revature.Driver - Invalid credentials.
21:35:20 [main] INFO  com.revature.Driver - User [id=1, username=Asanchez, password=pass]
21:40:54 [main] INFO  com.revature.Driver - User [id=1, username=Asanchez, password=pass]
21:42:08 [main] INFO  com.revature.Driver - User [id=1, username=Asanchez, password=pass]
21:44:02 [main] INFO  com.revature.Driver - User [id=1, username=Asanchez, password=pass]
21:44:51 [main] INFO  com.revature.Driver - User [id=1, username=Asanchez, password=pass]
21:50:15 [main] ERROR com.revature.Driver - Invalid credentials.
21:50:29 [main] INFO  com.revature.Driver - User [id=1, username=Asanchez, password=pass]
21:51:20 [main] INFO  com.revature.Driver - User [id=1, username=Asanchez, password=pass]
21:51:54 [main] INFO  com.revature.Driver - User [id=1, username=Asanchez, password=pass]
21:54:33 [main] INFO  com.revature.Driver - User [id=1, username=Asanchez, password=pass]
21:55:45 [main] INFO  com.revature.Driver - User [id=1, username=Asanchez, password=pass]
21:57:35 [main] INFO  com.revature.Driver - User [id=1, username=Asanchez, password=pass]
22:01:42 [main] INFO  com.revature.Driver - User [id=1, username=Asanchez, password=pass]
22:18:43 [main] INFO  com.revature.Driver - User [id=3, username=R3D, password=snorlax]
22:26:15 [main] INFO  com.revature.Driver - User [id=3, username=R3D, password=snorlax]
22:37:14 [main] INFO  com.revature.Driver - User [id=3, username=R3D, password=snorlax]
22:37:33 [main] INFO  com.revature.services.PokeOfferService - Your offer has been taken in.
22:40:29 [main] INFO  com.revature.Driver - User [id=3, username=R3D, password=snorlax]
22:40:47 [main] INFO  com.revature.services.PokeOfferService - Your offer Offers [offerId=5, status=null, itemId=0, amount=0, userId=0] has been taken in.
22:43:56 [main] INFO  com.revature.Driver - User [id=3, username=R3D, password=snorlax]
22:44:06 [main] INFO  com.revature.services.PokeOfferService - Your offer Offers [offerId=0, status=null, itemId=0, amount=0, userId=0] has been taken in.
22:45:32 [main] INFO  com.revature.Driver - User [id=3, username=R3D, password=snorlax]
22:45:37 [main] INFO  com.revature.services.PokeOfferService - Your offer Offers [offerId=7, status=null, itemId=0, amount=0, userId=0] has been taken in.
22:48:32 [main] INFO  com.revature.Driver - User [id=3, username=R3D, password=snorlax]
22:48:47 [main] INFO  com.revature.services.PokeOfferService - Your offer Offers [offerId=8, status=null, pId=0, amount=0, userId=0] has been taken in.
22:50:27 [main] INFO  com.revature.Driver - User [id=3, username=R3D, password=snorlax]
22:50:36 [main] INFO  com.revature.services.PokeOfferService - Your offer Offers [offerId=2, status=null, pId=2, amount=10, userId=3] has been taken in.
23:32:56 [main] INFO  com.revature.Driver - User [id=1, username=Asanchez, password=pass]
23:34:18 [main] INFO  com.revature.Driver - User [id=2, username=AshKetchup, password=pikachu]
23:43:51 [main] INFO  com.revature.Driver - User [id=2, username=AshKetchup, password=pikachu]
23:59:20 [main] INFO  com.revature.Driver - User [id=2, username=AshKetchup, password=pikachu]
00:00:06 [main] INFO  com.revature.Driver - User [id=2, username=AshKetchup, password=pikachu]
00:05:46 [main] INFO  com.revature.Driver - User [id=2, username=AshKetchup, password=pikachu]
